Connected to negocio40.bci.cl.
220 negocio40 FTP server ready.
331 Password required for weblogic.
230 User weblogic logged in.
250 CWD command successful.
200 PORT command successful.
150 Opening ASCII mode data connection for log.tab.
226 Transfer complete.
local: log.tab remote: log.tab
90136 bytes sent in 0.0044 seconds (19928.33 Kbytes/s)
250 CWD command successful.
200 PORT command successful.
150 Opening ASCII mode data connection for log.tab.
226 Transfer complete.
local: log.tab remote: log.tab
90136 bytes sent in 0.0042 seconds (20972.94 Kbytes/s)
250 CWD command successful.
200 PORT command successful.
150 Opening ASCII mode data connection for log.tab.
226 Transfer complete.
local: log.tab remote: log.tab
90136 bytes sent in 0.0042 seconds (21144.23 Kbytes/s)
250 CWD command successful.
200 PORT command successful.
150 Opening ASCII mode data connection for log.tab.
226 Transfer complete.
local: log.tab remote: log.tab
90136 bytes sent in 0.0042 seconds (20957.96 Kbytes/s)
221-You have transferred 360544 bytes in 4 files.
221-Total traffic for this session was 361591 bytes in 4 transfers.
221-Thank you for using the FTP service on negocio40.
221 Goodbye.
